<?xml version="1.0" encoding="UTF-8"?>
<testsuites name="jest tests" tests="1" failures="0" errors="0" time="3.32">
  <testsuite name="undefined" errors="0" failures="0" skipped="0" timestamp="2025-05-03T13:35:59" time="2.182" tests="1">
    <testcase classname=" renders the main heading and count button" name=" renders the main heading and count button" time="0.121">
    </testcase>
  </testsuite>
</testsuites>